[2013-12-31 15:29:58.097] [TRACE] app-logger - Server started...
[2013-12-31 15:30:09.561] [TRACE] app-logger - Request for / received...
[2013-12-31 15:30:09.562] [TRACE] app-logger - About to route a request for /
[2013-12-31 15:30:09.562] [TRACE] app-logger - Request handler 'index' was called.
[2013-12-31 15:30:13.511] [TRACE] app-logger - Request for /updatetable received...
[2013-12-31 15:30:13.511] [TRACE] app-logger - About to route a request for /updatetable
[2013-12-31 15:30:13.511] [TRACE] app-logger - Request handler 'reloadtable' was called.
[2013-12-31 15:30:14.153] [TRACE] app-logger - Request for /updatetable received...
[2013-12-31 15:30:14.153] [TRACE] app-logger - About to route a request for /updatetable
[2013-12-31 15:30:14.153] [TRACE] app-logger - Request handler 'reloadtable' was called.
[2013-12-31 15:30:14.163] [TRACE] app-logger - Fetching new rows with ids > 416383214299914240
[2013-12-31 15:30:14.300] [TRACE] app-logger - Request for /updatetable received...
[2013-12-31 15:30:14.300] [TRACE] app-logger - About to route a request for /updatetable
[2013-12-31 15:30:14.300] [TRACE] app-logger - Request handler 'reloadtable' was called.
[2013-12-31 15:30:14.305] [TRACE] app-logger - Fetching new rows with ids > 416383214299914240
[2013-12-31 15:30:14.384] [TRACE] app-logger - Request for /updatetable received...
[2013-12-31 15:30:14.384] [TRACE] app-logger - About to route a request for /updatetable
[2013-12-31 15:30:14.384] [TRACE] app-logger - Request handler 'reloadtable' was called.
[2013-12-31 15:30:14.389] [TRACE] app-logger - Fetching new rows with ids > 416383214299914240
[2013-12-31 15:30:14.525] [TRACE] app-logger - Request for /updatetable received...
[2013-12-31 15:30:14.525] [TRACE] app-logger - About to route a request for /updatetable
[2013-12-31 15:30:14.525] [TRACE] app-logger - Request handler 'reloadtable' was called.
[2013-12-31 15:30:14.529] [TRACE] app-logger - Fetching new rows with ids > 416383214299914240
[2013-12-31 15:30:14.600] [TRACE] app-logger - Request for /updatetable received...
[2013-12-31 15:30:14.601] [TRACE] app-logger - About to route a request for /updatetable
[2013-12-31 15:30:14.601] [TRACE] app-logger - Request handler 'reloadtable' was called.
[2013-12-31 15:30:14.604] [TRACE] app-logger - Fetching new rows with ids > 416383214299914240
[2013-12-31 15:30:14.676] [TRACE] app-logger - Request for /updatetable received...
[2013-12-31 15:30:14.676] [TRACE] app-logger - About to route a request for /updatetable
[2013-12-31 15:30:14.677] [TRACE] app-logger - Request handler 'reloadtable' was called.
[2013-12-31 15:30:14.680] [TRACE] app-logger - Fetching new rows with ids > 416383214299914240
[2013-12-31 15:30:14.751] [TRACE] app-logger - Request for /updatetable received...
[2013-12-31 15:30:14.751] [TRACE] app-logger - About to route a request for /updatetable
[2013-12-31 15:30:14.751] [TRACE] app-logger - Request handler 'reloadtable' was called.
[2013-12-31 15:30:14.757] [TRACE] app-logger - Fetching new rows with ids > 416383214299914240
[2013-12-31 15:30:14.832] [TRACE] app-logger - Request for /updatetable received...
[2013-12-31 15:30:14.832] [TRACE] app-logger - About to route a request for /updatetable
[2013-12-31 15:30:14.832] [TRACE] app-logger - Request handler 'reloadtable' was called.
[2013-12-31 15:30:14.835] [TRACE] app-logger - Fetching new rows with ids > 416383214299914240
[2013-12-31 15:30:14.910] [TRACE] app-logger - Request for /updatetable received...
[2013-12-31 15:30:14.910] [TRACE] app-logger - About to route a request for /updatetable
[2013-12-31 15:30:14.911] [TRACE] app-logger - Request handler 'reloadtable' was called.
[2013-12-31 15:30:14.914] [TRACE] app-logger - Fetching new rows with ids > 416383214299914240
[2013-12-31 15:30:14.987] [TRACE] app-logger - Request for /updatetable received...
[2013-12-31 15:30:14.987] [TRACE] app-logger - About to route a request for /updatetable
[2013-12-31 15:30:14.988] [TRACE] app-logger - Request handler 'reloadtable' was called.
[2013-12-31 15:30:14.991] [TRACE] app-logger - Fetching new rows with ids > 416383214299914240
[2013-12-31 15:30:15.062] [TRACE] app-logger - Request for /updatetable received...
[2013-12-31 15:30:15.063] [TRACE] app-logger - About to route a request for /updatetable
[2013-12-31 15:30:15.063] [TRACE] app-logger - Request handler 'reloadtable' was called.
[2013-12-31 15:30:15.066] [TRACE] app-logger - Fetching new rows with ids > 416383214299914240
[2013-12-31 15:30:15.137] [TRACE] app-logger - Request for /updatetable received...
[2013-12-31 15:30:15.137] [TRACE] app-logger - About to route a request for /updatetable
[2013-12-31 15:30:15.138] [TRACE] app-logger - Request handler 'reloadtable' was called.
[2013-12-31 15:30:15.143] [TRACE] app-logger - Fetching new rows with ids > 416383214299914240
[2013-12-31 15:30:15.214] [TRACE] app-logger - Request for /updatetable received...
[2013-12-31 15:30:15.214] [TRACE] app-logger - About to route a request for /updatetable
[2013-12-31 15:30:15.214] [TRACE] app-logger - Request handler 'reloadtable' was called.
[2013-12-31 15:30:15.218] [TRACE] app-logger - Fetching new rows with ids > 416383214299914240
[2013-12-31 15:30:15.285] [TRACE] app-logger - Request for /updatetable received...
[2013-12-31 15:30:15.286] [TRACE] app-logger - About to route a request for /updatetable
[2013-12-31 15:30:15.286] [TRACE] app-logger - Request handler 'reloadtable' was called.
[2013-12-31 15:30:15.290] [TRACE] app-logger - Fetching new rows with ids > 416383214299914240
[2013-12-31 15:30:15.362] [TRACE] app-logger - Request for /updatetable received...
[2013-12-31 15:30:15.362] [TRACE] app-logger - About to route a request for /updatetable
[2013-12-31 15:30:15.362] [TRACE] app-logger - Request handler 'reloadtable' was called.
[2013-12-31 15:30:15.366] [TRACE] app-logger - Fetching new rows with ids > 416383214299914240
[2013-12-31 15:30:15.436] [TRACE] app-logger - Request for /updatetable received...
[2013-12-31 15:30:15.436] [TRACE] app-logger - About to route a request for /updatetable
[2013-12-31 15:30:15.436] [TRACE] app-logger - Request handler 'reloadtable' was called.
[2013-12-31 15:30:15.441] [TRACE] app-logger - Fetching new rows with ids > 416383214299914240
[2013-12-31 15:30:15.513] [TRACE] app-logger - Request for /updatetable received...
[2013-12-31 15:30:15.513] [TRACE] app-logger - About to route a request for /updatetable
[2013-12-31 15:30:15.513] [TRACE] app-logger - Request handler 'reloadtable' was called.
[2013-12-31 15:30:15.516] [TRACE] app-logger - Fetching new rows with ids > 416383214299914240
[2013-12-31 15:30:15.587] [TRACE] app-logger - Request for /updatetable received...
[2013-12-31 15:30:15.587] [TRACE] app-logger - About to route a request for /updatetable
[2013-12-31 15:30:15.588] [TRACE] app-logger - Request handler 'reloadtable' was called.
[2013-12-31 15:30:15.591] [TRACE] app-logger - Fetching new rows with ids > 416383214299914240
[2013-12-31 15:30:15.663] [TRACE] app-logger - Request for /updatetable received...
[2013-12-31 15:30:15.663] [TRACE] app-logger - About to route a request for /updatetable
[2013-12-31 15:30:15.663] [TRACE] app-logger - Request handler 'reloadtable' was called.
[2013-12-31 15:30:15.666] [TRACE] app-logger - Fetching new rows with ids > 416383214299914240
[2013-12-31 15:30:15.739] [TRACE] app-logger - Request for /updatetable received...
[2013-12-31 15:30:15.739] [TRACE] app-logger - About to route a request for /updatetable
[2013-12-31 15:30:15.740] [TRACE] app-logger - Request handler 'reloadtable' was called.
[2013-12-31 15:30:15.744] [TRACE] app-logger - Fetching new rows with ids > 416383214299914240
[2013-12-31 15:30:15.816] [TRACE] app-logger - Request for /updatetable received...
[2013-12-31 15:30:15.817] [TRACE] app-logger - About to route a request for /updatetable
[2013-12-31 15:30:15.817] [TRACE] app-logger - Request handler 'reloadtable' was called.
[2013-12-31 15:30:15.820] [TRACE] app-logger - Fetching new rows with ids > 416383214299914240
[2013-12-31 15:30:15.891] [TRACE] app-logger - Request for /updatetable received...
[2013-12-31 15:30:15.891] [TRACE] app-logger - About to route a request for /updatetable
[2013-12-31 15:30:15.891] [TRACE] app-logger - Request handler 'reloadtable' was called.
[2013-12-31 15:30:15.894] [TRACE] app-logger - Fetching new rows with ids > 416383214299914240
[2013-12-31 15:30:15.966] [TRACE] app-logger - Request for /updatetable received...
[2013-12-31 15:30:15.967] [TRACE] app-logger - About to route a request for /updatetable
[2013-12-31 15:30:15.967] [TRACE] app-logger - Request handler 'reloadtable' was called.
[2013-12-31 15:30:15.970] [TRACE] app-logger - Fetching new rows with ids > 416383214299914240
[2013-12-31 15:30:16.043] [TRACE] app-logger - Request for /updatetable received...
[2013-12-31 15:30:16.043] [TRACE] app-logger - About to route a request for /updatetable
[2013-12-31 15:30:16.043] [TRACE] app-logger - Request handler 'reloadtable' was called.
[2013-12-31 15:30:16.047] [TRACE] app-logger - Fetching new rows with ids > 416383214299914240
[2013-12-31 15:30:16.117] [TRACE] app-logger - Request for /updatetable received...
[2013-12-31 15:30:16.118] [TRACE] app-logger - About to route a request for /updatetable
[2013-12-31 15:30:16.118] [TRACE] app-logger - Request handler 'reloadtable' was called.
[2013-12-31 15:30:16.121] [TRACE] app-logger - Fetching new rows with ids > 416383214299914240
[2013-12-31 15:30:16.192] [TRACE] app-logger - Request for /updatetable received...
[2013-12-31 15:30:16.192] [TRACE] app-logger - About to route a request for /updatetable
[2013-12-31 15:30:16.192] [TRACE] app-logger - Request handler 'reloadtable' was called.
[2013-12-31 15:30:16.195] [TRACE] app-logger - Fetching new rows with ids > 416383214299914240
[2013-12-31 15:30:16.658] [TRACE] app-logger - Request for /updatetable received...
[2013-12-31 15:30:16.658] [TRACE] app-logger - About to route a request for /updatetable
[2013-12-31 15:30:16.658] [TRACE] app-logger - Request handler 'reloadtable' was called.
[2013-12-31 15:30:16.662] [TRACE] app-logger - Fetching new rows with ids > 416383214299914240
[2013-12-31 15:30:16.732] [TRACE] app-logger - Request for /updatetable received...
[2013-12-31 15:30:16.733] [TRACE] app-logger - About to route a request for /updatetable
[2013-12-31 15:30:16.733] [TRACE] app-logger - Request handler 'reloadtable' was called.
[2013-12-31 15:30:16.736] [TRACE] app-logger - Fetching new rows with ids > 416383214299914240
[2013-12-31 15:30:16.807] [TRACE] app-logger - Request for /updatetable received...
[2013-12-31 15:30:16.807] [TRACE] app-logger - About to route a request for /updatetable
[2013-12-31 15:30:16.807] [TRACE] app-logger - Request handler 'reloadtable' was called.
[2013-12-31 15:30:16.812] [TRACE] app-logger - Fetching new rows with ids > 416383214299914240
[2013-12-31 15:30:17.178] [TRACE] app-logger - Request for /updatetable received...
[2013-12-31 15:30:17.179] [TRACE] app-logger - About to route a request for /updatetable
[2013-12-31 15:30:17.179] [TRACE] app-logger - Request handler 'reloadtable' was called.
[2013-12-31 15:30:17.182] [TRACE] app-logger - Fetching new rows with ids > 416383214299914240
[2013-12-31 15:30:17.256] [TRACE] app-logger - Request for /updatetable received...
[2013-12-31 15:30:17.257] [TRACE] app-logger - About to route a request for /updatetable
[2013-12-31 15:30:17.257] [TRACE] app-logger - Request handler 'reloadtable' was called.
[2013-12-31 15:30:17.262] [TRACE] app-logger - Fetching new rows with ids > 416383214299914240
[2013-12-31 15:30:17.640] [TRACE] app-logger - Request for /updatetable received...
[2013-12-31 15:30:17.644] [TRACE] app-logger - About to route a request for /updatetable
[2013-12-31 15:30:17.644] [TRACE] app-logger - Request handler 'reloadtable' was called.
[2013-12-31 15:30:17.648] [TRACE] app-logger - Fetching new rows with ids > 416383214299914240
[2013-12-31 15:30:17.721] [TRACE] app-logger - Request for /updatetable received...
[2013-12-31 15:30:17.721] [TRACE] app-logger - About to route a request for /updatetable
[2013-12-31 15:30:17.721] [TRACE] app-logger - Request handler 'reloadtable' was called.
[2013-12-31 15:30:17.727] [TRACE] app-logger - Fetching new rows with ids > 416383214299914240
[2013-12-31 15:30:17.804] [TRACE] app-logger - Request for /updatetable received...
[2013-12-31 15:30:17.804] [TRACE] app-logger - About to route a request for /updatetable
[2013-12-31 15:30:17.804] [TRACE] app-logger - Request handler 'reloadtable' was called.
[2013-12-31 15:30:17.820] [TRACE] app-logger - Fetching new rows with ids > 416383214299914240
[2013-12-31 15:30:17.892] [TRACE] app-logger - Request for /updatetable received...
[2013-12-31 15:30:17.892] [TRACE] app-logger - About to route a request for /updatetable
[2013-12-31 15:30:17.893] [TRACE] app-logger - Request handler 'reloadtable' was called.
[2013-12-31 15:30:17.896] [TRACE] app-logger - Fetching new rows with ids > 416383214299914240
[2013-12-31 15:30:17.967] [TRACE] app-logger - Request for /updatetable received...
[2013-12-31 15:30:17.967] [TRACE] app-logger - About to route a request for /updatetable
[2013-12-31 15:30:17.967] [TRACE] app-logger - Request handler 'reloadtable' was called.
[2013-12-31 15:30:17.971] [TRACE] app-logger - Fetching new rows with ids > 416383214299914240
[2013-12-31 15:30:18.044] [TRACE] app-logger - Request for /updatetable received...
[2013-12-31 15:30:18.044] [TRACE] app-logger - About to route a request for /updatetable
[2013-12-31 15:30:18.044] [TRACE] app-logger - Request handler 'reloadtable' was called.
[2013-12-31 15:30:18.047] [TRACE] app-logger - Fetching new rows with ids > 416383214299914240
[2013-12-31 15:30:18.505] [TRACE] app-logger - Request for /updatetable received...
[2013-12-31 15:30:18.505] [TRACE] app-logger - About to route a request for /updatetable
[2013-12-31 15:30:18.505] [TRACE] app-logger - Request handler 'reloadtable' was called.
[2013-12-31 15:30:18.509] [TRACE] app-logger - Fetching new rows with ids > 416383214299914240
[2013-12-31 15:30:18.580] [TRACE] app-logger - Request for /updatetable received...
[2013-12-31 15:30:18.580] [TRACE] app-logger - About to route a request for /updatetable
[2013-12-31 15:30:18.580] [TRACE] app-logger - Request handler 'reloadtable' was called.
[2013-12-31 15:30:18.583] [TRACE] app-logger - Fetching new rows with ids > 416383214299914240
[2013-12-31 15:30:18.654] [TRACE] app-logger - Request for /updatetable received...
[2013-12-31 15:30:18.654] [TRACE] app-logger - About to route a request for /updatetable
[2013-12-31 15:30:18.654] [TRACE] app-logger - Request handler 'reloadtable' was called.
[2013-12-31 15:30:18.657] [TRACE] app-logger - Fetching new rows with ids > 416383214299914240
[2013-12-31 15:30:18.730] [TRACE] app-logger - Request for /updatetable received...
[2013-12-31 15:30:18.730] [TRACE] app-logger - About to route a request for /updatetable
[2013-12-31 15:30:18.730] [TRACE] app-logger - Request handler 'reloadtable' was called.
[2013-12-31 15:30:18.733] [TRACE] app-logger - Fetching new rows with ids > 416383214299914240
[2013-12-31 15:30:19.104] [TRACE] app-logger - Request for /updatetable received...
[2013-12-31 15:30:19.104] [TRACE] app-logger - About to route a request for /updatetable
[2013-12-31 15:30:19.105] [TRACE] app-logger - Request handler 'reloadtable' was called.
[2013-12-31 15:30:19.108] [TRACE] app-logger - Fetching new rows with ids > 416383214299914240
[2013-12-31 15:30:19.179] [TRACE] app-logger - Request for /updatetable received...
[2013-12-31 15:30:19.179] [TRACE] app-logger - About to route a request for /updatetable
[2013-12-31 15:30:19.179] [TRACE] app-logger - Request handler 'reloadtable' was called.
[2013-12-31 15:30:19.185] [TRACE] app-logger - Fetching new rows with ids > 416383214299914240
[2013-12-31 15:30:19.565] [TRACE] app-logger - Request for /updatetable received...
[2013-12-31 15:30:19.565] [TRACE] app-logger - About to route a request for /updatetable
[2013-12-31 15:30:19.565] [TRACE] app-logger - Request handler 'reloadtable' was called.
[2013-12-31 15:30:19.568] [TRACE] app-logger - Fetching new rows with ids > 416383214299914240
[2013-12-31 15:30:19.641] [TRACE] app-logger - Request for /updatetable received...
[2013-12-31 15:30:19.641] [TRACE] app-logger - About to route a request for /updatetable
[2013-12-31 15:30:19.641] [TRACE] app-logger - Request handler 'reloadtable' was called.
[2013-12-31 15:30:19.644] [TRACE] app-logger - Fetching new rows with ids > 416383214299914240
[2013-12-31 15:30:19.715] [TRACE] app-logger - Request for /updatetable received...
[2013-12-31 15:30:19.715] [TRACE] app-logger - About to route a request for /updatetable
[2013-12-31 15:30:19.715] [TRACE] app-logger - Request handler 'reloadtable' was called.
[2013-12-31 15:30:19.718] [TRACE] app-logger - Fetching new rows with ids > 416383214299914240
[2013-12-31 15:30:19.793] [TRACE] app-logger - Request for /updatetable received...
[2013-12-31 15:30:19.793] [TRACE] app-logger - About to route a request for /updatetable
[2013-12-31 15:30:19.793] [TRACE] app-logger - Request handler 'reloadtable' was called.
[2013-12-31 15:30:19.796] [TRACE] app-logger - Fetching new rows with ids > 416383214299914240
[2013-12-31 15:30:19.866] [TRACE] app-logger - Request for /updatetable received...
[2013-12-31 15:30:19.867] [TRACE] app-logger - About to route a request for /updatetable
[2013-12-31 15:30:19.867] [TRACE] app-logger - Request handler 'reloadtable' was called.
[2013-12-31 15:30:19.870] [TRACE] app-logger - Fetching new rows with ids > 416383214299914240
[2013-12-31 15:30:19.948] [TRACE] app-logger - Request for /updatetable received...
[2013-12-31 15:30:19.948] [TRACE] app-logger - About to route a request for /updatetable
[2013-12-31 15:30:19.948] [TRACE] app-logger - Request handler 'reloadtable' was called.
[2013-12-31 15:30:19.951] [TRACE] app-logger - Fetching new rows with ids > 416383214299914240
[2013-12-31 15:30:20.023] [TRACE] app-logger - Request for /updatetable received...
[2013-12-31 15:30:20.023] [TRACE] app-logger - About to route a request for /updatetable
[2013-12-31 15:30:20.023] [TRACE] app-logger - Request handler 'reloadtable' was called.
[2013-12-31 15:30:20.027] [TRACE] app-logger - Fetching new rows with ids > 416383214299914240
[2013-12-31 15:30:20.099] [TRACE] app-logger - Request for /updatetable received...
[2013-12-31 15:30:20.099] [TRACE] app-logger - About to route a request for /updatetable
[2013-12-31 15:30:20.099] [TRACE] app-logger - Request handler 'reloadtable' was called.
[2013-12-31 15:30:20.102] [TRACE] app-logger - Fetching new rows with ids > 416383214299914240
[2013-12-31 15:30:20.175] [TRACE] app-logger - Request for /updatetable received...
[2013-12-31 15:30:20.176] [TRACE] app-logger - About to route a request for /updatetable
[2013-12-31 15:30:20.176] [TRACE] app-logger - Request handler 'reloadtable' was called.
[2013-12-31 15:30:20.179] [TRACE] app-logger - Fetching new rows with ids > 416383214299914240
[2013-12-31 15:30:20.250] [TRACE] app-logger - Request for /updatetable received...
[2013-12-31 15:30:20.250] [TRACE] app-logger - About to route a request for /updatetable
[2013-12-31 15:30:20.250] [TRACE] app-logger - Request handler 'reloadtable' was called.
[2013-12-31 15:30:20.253] [TRACE] app-logger - Fetching new rows with ids > 416383214299914240
[2013-12-31 15:30:20.326] [TRACE] app-logger - Request for /updatetable received...
[2013-12-31 15:30:20.326] [TRACE] app-logger - About to route a request for /updatetable
[2013-12-31 15:30:20.327] [TRACE] app-logger - Request handler 'reloadtable' was called.
[2013-12-31 15:30:20.331] [TRACE] app-logger - Fetching new rows with ids > 416383214299914240
[2013-12-31 15:30:20.404] [TRACE] app-logger - Request for /updatetable received...
[2013-12-31 15:30:20.404] [TRACE] app-logger - About to route a request for /updatetable
[2013-12-31 15:30:20.404] [TRACE] app-logger - Request handler 'reloadtable' was called.
[2013-12-31 15:30:20.407] [TRACE] app-logger - Fetching new rows with ids > 416383214299914240
